<?xml version="1.0" encoding="UTF-8"?>
<!-- Generated by org.testng.reporters.JUnitXMLReporter -->
<testsuite hostname="Velmurugan" ignored="4" name="Default test(failed)(failed)" tests="1" failures="0" timestamp="12 Feb 2021 09:57:29 GMT" time="0.029" errors="0">
  <testcase name="tc2" time="0.01" classname="org.sample.Sample"/>
  <testcase name="tc4" time="0.0" classname="org.sample.Sample">
    <ignored/>
  </testcase> <!-- tc4 -->
  <testcase name="tc3" time="0.0" classname="org.sample.Sample">
    <ignored/>
  </testcase> <!-- tc3 -->
  <testcase name="tc0" time="0.0" classname="org.sample.Sample">
    <ignored/>
  </testcase> <!-- tc0 -->
  <testcase name="tc1" time="0.0" classname="org.sample.Sample">
    <ignored/>
  </testcase> <!-- tc1 -->
</testsuite> <!-- Default test(failed)(failed) -->
