<?xml version="1.0" encoding="UTF-8"?>
<testng-results skipped="0" failed="0" ignored="0" total="1" passed="1">
  <reporter-output>
  </reporter-output>
  <suite name="Default suite" duration-ms="5605" started-at="2021-03-12T09:53:57Z" finished-at="2021-03-12T09:54:03Z">
    <groups>
    </groups>
    <test name="Default test" duration-ms="5605" started-at="2021-03-12T09:53:57Z" finished-at="2021-03-12T09:54:03Z">
      <class name="org.sample.Sample3">
        <test-method status="PASS" signature="test11()[pri:0, instance:org.sample.Sample3@6a4f787b]" name="test11" duration-ms="5580" started-at="2021-03-12T09:53:57Z" finished-at="2021-03-12T09:54:03Z">
          <reporter-output>
          </reporter-output>
        </test-method> <!-- test11 -->
      </class> <!-- org.sample.Sample3 -->
    </test> <!-- Default test -->
  </suite> <!-- Default suite -->
</testng-results>
